DEBUG@10-26.18:27:54:...Starting
DEBUG@10-26.18:27:54:read_multi_timeframe_rolling_mean_std_ohlcv(23-02-10.00-00T23-05-11.00-00) started
INFO@10-26.18:27:54:read_multi_timeframe_rolling_mean_std_ohlcv(23-02-10.00-00T23-05-11.00-00) executed in [33m0.432 seconds
DEBUG@10-26.18:27:54:mt_train_n_test(4h, 166969*Index(['open', 'close', 'high', 'low', 'volume', 'pre_open', 'mean_open',
       'std_open', 'n_open', 'pre_close', 'mean_close', 'std_close', 'n_close',
       'pre_high', 'mean_high', 'std_high', 'n_high', 'pre_low', 'mean_low',
       'std_low', 'n_low', 'pre_volume', 'mean_volume', 'std_volume',
       'n_volume'],
      dtype='object'), {'structure': (128, 5), 'pattern': (256, 5), 'trigger': (256, 5), 'double': (256, 5)}, 1000) started
INFO@10-26.18:27:56:mt_train_n_test(4h, 166969*Index(['open', 'close', 'high', 'low', 'volume', 'pre_open', 'mean_open',
       'std_open', 'n_open', 'pre_close', 'mean_close', 'std_close', 'n_close',
       'pre_high', 'mean_high', 'std_high', 'n_high', 'pre_low', 'mean_low',
       'std_low', 'n_low', 'pre_volume', 'mean_volume', 'std_volume',
       'n_volume'],
      dtype='object'), {'structure': (128, 5), 'pattern': (256, 5), 'trigger': (256, 5), 'double': (256, 5)}, 1000) executed in [31m1.333 seconds
DEBUG@10-26.18:27:56:train_model({'double': array([[[ 0.14381749,  1.11391933,  0.24847824,  1.05441024,
          2.60387148],
        [ 1.05351131,  0.85366925,  0.94010323,  0.66639106,
          0.22528992],
        [ 0.6657982 ,  0.71598304,  0.76749298,  0.70482988,
         -0.50272906],
        ...,
        [ 0.14261999,  0.04904085,  0.04865557, -0.06844404,
         -0.06787734],
        [-0.06770743, -0.13863846, -0.30299538, -0.21440106,
          0.29212405],
        [-0.2145412 , -0.26353017, -0.20220643, -0.17169676,
         -0.10467582]],

       [[-0.11024465, -0.19838243, -0.21782233, -0.18784524,
          0.01534507],
        [-0.18730644, -0.17437423, -0.23631224, -0.05376961,
          0.07843373],
        [-0.05281417,  0.11002766,  0.10860908,  0.17074658,
         -0.01584689],
        ...,
        [ 0.4446212 ,  0.21251512,  0.37943888,  0.22579099,
         -0.24543426],
        [ 0.22514158,  0.15449163,  0.34980519,  0.08295873,
         -0.38343008],
        [ 0.08065478, -0.10989884, -0.10576525, -0.00701712,
         -0.56192283]],

       [[-0.13159832, -0.18499073, -0.27723911, -0.22146153,
          0.10624455],
        [-0.22090803, -0.26173738, -0.32419721, -0.31816846,
          1.41985575],
        [-0.317738  ,  0.19400343, -0.29786903,  0.28171526,
          0.59046598],
        ...,
        [ 0.04283768,  0.08429658,  0.08467992,  0.1325076 ,
         -0.10435074],
        [ 0.13215187,  0.06922698,  0.02797648, -0.01840753,
         -0.05992124],
        [-0.01869043,  0.0744903 ,  0.05844992,  0.07538456,
         -0.06089219]],

       ...,

       [[ 0.31202599,  1.69992379,  0.55525543,  1.15988028,
          1.2738944 ],
        [ 1.15982444,  0.78936148,  0.96412591,  0.84224727,
         -0.32103253],
        [ 0.84111192,  0.77257611,  0.4149191 ,  1.09631361,
          1.61673901],
        ...,
        [-0.19972359, -0.20960486,  0.02666879, -0.05638603,
         -0.70704892],
        [-0.05890939,  0.1312196 ,  0.07029282,  0.22802885,
         -0.20392661],
        [ 0.1934604 ,  0.02611084,  0.13401797, -0.06910678,
         -0.30448348]],

       [[ 0.14403914, -0.01346079,  0.03172523,  0.07004   ,
         -0.29850685],
        [ 0.07095389,  0.46474849,  0.17599996,  0.24190999,
          1.10654886],
        [ 0.24186209,  0.33163166,  0.09958001,  0.41395661,
         -0.15335277],
        ...,
        [ 0.74411902,  0.81663377,  0.84495819,  0.98408484,
         -0.90270181],
        [ 0.98658679,  0.87397554,  0.81987959,  0.71711413,
         -0.02481124],
        [ 0.71894046,  0.62754758,  0.7798684 ,  0.49388802,
         -0.98451463]],

       [[-0.08256368, -0.17775062, -0.02424323, -0.05974866,
         -0.50909701],
        [-0.06007245, -0.14528917, -0.19466265, -0.13671258,
         -0.19796091],
        [-0.13742015, -0.20198388, -0.92665985, -0.72532262,
          1.63081846],
        ...,
        [ 0.65721217,  1.10862443,  0.77609277,  1.00552761,
          0.88307377],
        [ 1.01150989,  0.87376648,  0.94567977,  0.98777184,
          0.14425186],
        [ 0.98802217,  0.89180394,  0.68631951,  0.4260231 ,
         -0.1865688 ]]]), 'trigger': array([[[-2.27021908e-01, -3.78111710e-01, -7.18039018e-01,
         -7.41791098e-01,  4.59757843e-01],
        [-7.42141068e-01, -5.49291530e-01, -8.53047668e-01,
         -8.56624075e-01,  2.63013408e-01],
        [-8.56924689e-01, -8.86633134e-01, -1.61421682e+00,
         -5.83470246e-01,  1.46329003e+00],
        ...,
        [ 2.15458323e-02, -5.27109870e-02, -1.60819695e-02,
          6.53219235e-03,  2.79356367e-01],
        [ 6.39810629e-03, -7.96758851e-02, -8.73728301e-02,
         -1.17966574e-01,  1.48157566e-01],
        [-1.17566125e-01, -5.84101385e-02, -9.04877895e-02,
          5.05499244e-02, -1.77151629e-01]],

       [[-1.15097167e+00, -9.81354846e-01, -7.23174398e-01,
         -7.44652108e-01, -2.18722097e-01],
        [-7.45985227e-01, -5.06986279e-01, -7.02462601e-01,
         -6.78682068e-01, -4.82353452e-01],
        [-6.79869226e-01, -7.91206329e-01, -1.01963483e+00,
         -6.62648890e-01,  2.88992381e-01],
        ...,
        [ 3.04687329e-01,  2.13063316e-01,  5.33115835e-01,
          5.03308553e-01, -6.99866409e-01],
        [ 5.06261767e-01,  2.85809997e-01,  6.63319005e-01,
          2.86131699e-01, -1.25865161e+00],
        [ 2.88487171e-01, -3.69521308e-02,  3.06717345e-01,
          6.02637680e-02, -1.01097019e+00]],

       [[ 4.35710459e-01,  5.97657342e-02,  2.36523458e-01,
          1.92575444e-01, -5.06542472e-01],
        [ 1.93150254e-01,  2.70886934e+00,  3.05793363e-01,
          1.66197557e+00,  6.30694071e+00],
        [ 1.66442519e+00,  1.65261060e+00,  1.33544433e+00,
          1.95721523e+00,  5.54876302e-01],
        ...,
        [-8.77835192e-02, -7.14567560e-02, -4.54712392e-02,
         -4.79044168e-02, -2.45173361e-01],
        [-4.76409362e-02, -9.33316477e-02, -4.78584536e-02,
         -8.38344293e-02, -3.17929191e-01],
        [-8.36215951e-02, -1.12510415e-01, -1.17763503e-01,
         -1.70502412e-01,  1.29854148e-01]],

       ...,

       [[ 8.37211607e-02, -1.12267467e-01,  1.43055361e-01,
          6.12507283e-02,  9.00756883e-03],
        [ 6.20304314e-02,  3.92215695e-01,  2.84331818e-01,
          3.12959451e-01, -4.59071490e-03],
        [ 3.13051453e-01,  1.97556977e-01,  4.23727598e-01,
          2.96202188e-01, -1.38825447e-01],
        ...,
        [-4.51233861e-02, -1.22704461e-01,  3.43037415e-02,
         -7.30632146e-02, -2.17098705e-01],
        [-7.30548844e-02, -7.00067713e-02, -6.57963158e-03,
         -9.19190678e-02, -6.95307359e-02],
        [-9.17125444e-02, -5.10537283e-02, -9.09162646e-03,
          4.52187662e-02, -1.38731954e-01]],

       [[-1.28419576e-01, -6.06919752e-02, -1.21699329e-01,
         -1.61837802e-01, -3.36735018e-02],
        [-1.61810546e-01, -1.32638731e-01, -1.37161176e-01,
         -8.67870507e-02,  2.40359843e-01],
        [-8.70063252e-02, -1.06488448e-01, -2.08957648e-01,
         -1.90687317e-01,  1.75197131e-01],
        ...,
        [ 7.07761486e-01,  5.34051533e-01,  4.34352233e-01,
          2.75869972e-01,  2.19925212e-01],
        [ 2.75262240e-01,  1.89269201e-01,  3.95013718e-01,
          2.72155529e-01, -4.14647735e-01],
        [ 2.71677988e-01,  4.59330168e-01,  3.30718424e-01,
          3.93839825e-01,  3.69976017e-01]],

       [[-1.79637620e-02,  7.37223042e-02,  4.25181056e-02,
          1.45533825e-01, -3.04760399e-03],
        [ 1.44916770e-01,  8.07203224e-02,  1.52223551e-01,
          1.00903458e-01,  5.37795753e-02],
        [ 9.86749210e-02,  4.72096771e-02,  1.29608648e-01,
          8.69223569e-02, -3.68415863e-01],
        ...,
        [-1.64113067e+00, -1.41060404e+00, -2.15653669e+00,
         -1.46988206e+00,  2.01795094e+00],
        [-1.46511381e+00, -1.34026112e+00, -1.30007895e+00,
         -1.14098591e+00, -1.10545545e+00],
        [-1.14320442e+00, -1.09573803e+00, -9.71763690e-01,
         -9.56284669e-01, -7.60971442e-01]]]), 'pattern': array([[[ 1.74494319e+00,  1.39569332e+00,  1.86491091e+00,
          1.86438296e+00, -8.06072442e-01],
        [ 1.85976249e+00,  8.07408610e-01,  1.06273863e+00,
          7.93088174e-01, -1.24771119e+00],
        [ 7.90957335e-01,  3.94400580e-01,  1.09237231e+00,
          5.99687952e-01, -1.25017626e+00],
        ...,
        [ 8.19500995e-02, -1.13904270e-01,  3.24943579e-02,
         -5.56523953e-02,  1.64568859e-01],
        [-5.57689533e-02, -1.41416256e-01, -3.74094961e-02,
         -2.28707251e-01, -2.89870954e-01],
        [-2.28688252e-01, -3.54905698e-01, -4.21671807e-01,
         -5.57717411e-01,  1.50095276e-01]],

       [[-2.75870047e+00, -2.49377845e+00, -2.27360536e+00,
         -2.15605369e+00, -5.22853572e-01],
        [-2.15622629e+00, -2.13632854e+00, -1.74049893e+00,
         -1.56815255e+00, -9.99694858e-01],
        [-1.56853835e+00, -1.56184915e+00, -1.02208329e+00,
         -1.13462993e+00, -8.54248302e-01],
        ...,
        [-1.14908542e-01, -3.22663966e-01, -7.36024233e-02,
         -2.29164816e-01, -2.38430808e-01],
        [-2.28826591e-01, -2.51573253e-01, -2.54036481e-01,
         -6.66486975e-02, -1.39265090e-02],
        [-6.67135414e-02, -2.67082763e-01, -3.34618869e-01,
         -5.69565241e-01, -2.23979507e-02]],

       [[-5.65654854e-01, -6.81511151e-01, -1.31253373e+00,
         -1.10812326e+00,  6.95464654e-01],
        [-1.10730782e+00, -8.13819870e-01, -7.06978057e-01,
         -6.06080383e-01, -3.63178085e-01],
        [-6.05582321e-01, -5.87036321e-01, -2.90177900e-01,
         -4.45737389e-01, -3.57613347e-01],
        ...,
        [-2.97945481e-01, -1.79697080e-01, -7.65707454e-02,
          4.96540532e-02, -6.17852958e-02],
        [ 4.96912795e-02,  4.78075383e-01,  3.41451629e-01,
          5.29037046e-01,  1.41816329e-01],
        [ 5.30582488e-01,  1.44239697e+00,  5.01674590e-01,
          1.46333202e+00,  1.22686909e+00]],

       ...,

       [[ 1.06701719e+00,  1.39492307e+00,  9.43366569e-01,
          1.42951971e+00,  7.31569920e-01],
        [ 1.42993826e+00,  8.37830253e-01,  8.00396173e-01,
          2.80492904e-01, -6.80238226e-02],
        [ 2.80210035e-01,  5.42253042e-03,  3.21789400e-01,
          1.90801177e-01, -2.92678276e-01],
        ...,
        [-3.07775629e-01, -7.03843682e-01,  4.85656086e-01,
          2.87173907e-02, -1.16642622e+00],
        [ 2.81166869e-02, -1.76357287e-01,  4.87201179e-01,
          4.75994989e-01, -9.03984387e-01],
        [ 4.76182960e-01, -2.83036271e-01,  3.41150489e-01,
          9.76162139e-02, -1.37206817e+00]],

       [[ 6.04209034e-02,  4.27618122e-02,  5.02538327e-02,
          1.37786983e-01, -2.37171350e-01],
        [ 1.37628126e-01,  5.32010723e-02,  1.82829585e-01,
          1.33578209e-01, -3.59396249e-01],
        [ 1.33451471e-01,  3.85326006e-01,  8.97551809e-02,
         -1.15386221e-03,  2.02752133e+00],
        ...,
        [ 1.24784172e-02, -9.60997205e-02, -1.85884460e-02,
         -6.63429767e-02, -4.18212352e-01],
        [-6.61242955e-02, -1.42518242e-01, -1.43497078e-01,
         -1.64162300e-01, -6.59760912e-02],
        [-1.64149794e-01, -1.93515280e-01, -1.82669693e-01,
         -2.37444486e-01, -6.82018771e-02]],

       [[-2.28996443e+00, -2.26802293e+00, -1.61396452e+00,
         -1.88071793e+00,  8.75106946e-01],
        [-1.87374750e+00, -1.96981222e+00, -1.97549828e+00,
         -1.99369174e+00,  2.10499571e+00],
        [-1.98873147e+00, -1.68470487e+00, -1.07701093e+00,
         -1.31716901e+00, -8.27136959e-01],
        ...,
        [ 1.90026074e-01,  5.04711115e-02,  1.92750457e-01,
          1.05148684e-01, -1.38415845e-01],
        [ 1.05150533e-01, -2.09254374e-02,  1.23503614e-01,
         -7.23635100e-02, -5.02347100e-01],
        [-7.22151292e-02, -1.54986570e-01,  3.80746938e-02,
         -2.93484217e-02, -1.79858550e-01]]]), 'structure': array([[[ 4.63572374e-01,  8.81272176e-01,  5.87741561e-01,
          9.56950389e-01,  1.73470846e+00],
        [ 9.56082649e-01,  7.11779358e-01,  6.65660439e-01,
          5.28453347e-01,  3.60186169e-01],
        [ 5.30847548e-01,  2.99783090e-01,  8.03642275e-02,
         -1.13392243e-01,  1.61773993e-01],
        ...,
        [-2.15489144e-01, -2.73963490e-01, -5.28280897e-01,
         -3.82097221e-01, -7.73748869e-02],
        [-3.82280121e-01,  9.97157138e-01,  9.48433321e-02,
          9.90641637e-01,  7.61288605e-01],
        [ 9.90969251e-01,  2.04092348e+00,  1.35739846e+00,
          1.79510220e+00,  1.02122991e+00]],

       [[ 2.86701293e-01,  1.79000236e+00,  7.90663024e-01,
          2.04412188e+00,  1.08464111e+00],
        [ 2.04348867e+00,  2.75806677e+00,  2.36998553e+00,
          2.40524498e+00,  1.21431477e+00],
        [ 2.40424904e+00,  2.02997483e+00,  2.45923859e+00,
          2.15087159e+00,  9.04070651e-01],
        ...,
        [ 1.09304532e+00,  6.78231973e-01,  8.13008165e-01,
          4.50639627e-01, -8.97623137e-01],
        [ 4.52454939e-01,  3.29864424e-01,  3.18356085e-01,
          2.27042829e-02, -6.61008216e-01],
        [ 2.38442834e-02, -3.74408785e-01, -2.20015435e+00,
         -2.00427786e+00,  9.59694773e+00]],

       [[ 2.15032772e+00,  1.25892710e+00,  1.71676581e+00,
          1.65700124e+00,  3.58981013e-01],
        [ 1.65633693e+00,  1.13405643e+00,  1.49079852e+00,
          1.10748895e+00, -3.92890483e-01],
        [ 1.10707382e+00,  2.53892899e+00,  9.49670339e-01,
          1.18758475e+00,  1.98345512e+00],
        ...,
        [-2.00205721e+00, -1.87466773e+00, -1.40220927e+00,
         -1.70735506e+00, -2.94923986e-01],
        [-1.70472263e+00, -1.90298575e+00, -1.14663390e+00,
         -1.43610932e+00, -7.41543668e-01],
        [-1.43986269e+00, -1.62982577e+00, -2.09965036e+00,
         -2.18606636e+00,  6.68682998e-01]],

       ...,

       [[ 7.52915575e-01,  2.62731803e-01,  1.31078085e+00,
          4.67471079e-01, -1.27708840e+00],
        [ 4.67154214e-01,  1.54830432e-01,  1.01364361e+00,
          4.98590437e-01, -1.08029883e+00],
        [ 4.98091653e-01,  2.22006259e-02, -7.83710239e-01,
         -1.02497830e+00,  2.53058196e-01],
        ...,
        [ 2.87697713e-01,  1.10168108e-01,  2.73182017e-01,
          2.75175700e-01, -5.68431777e-01],
        [ 2.75037413e-01,  5.87408297e-01,  3.36119432e-01,
          5.58362498e-01,  8.47823583e-01],
        [ 5.58348732e-01,  6.00623588e-01,  6.64935960e-01,
          4.98886228e-01, -2.48764465e-01]],

       [[ 3.18887433e-01,  1.72225121e-01,  2.96565085e-01,
          2.83741237e-01,  2.67236088e-01],
        [ 2.82836699e-01,  3.39362524e-01,  4.55218435e-01,
          3.28928108e-01,  5.80886004e-01],
        [ 3.29066214e-01,  6.42209337e-02,  3.83928957e-01,
          2.73399182e-01, -1.09103105e+00],
        ...,
        [ 2.40129830e+00,  1.42968065e+00,  2.46569754e+00,
          1.54898259e+00, -7.94541227e-01],
        [ 1.54885231e+00,  1.23888735e+00,  1.65492817e+00,
          1.32659942e+00,  2.13661802e-01],
        [ 1.32652004e+00,  1.27173909e+00,  1.28174129e+00,
          8.97494252e-01,  3.29316196e-01]],

       [[ 3.67051794e-01,  9.62928417e-05,  2.61761292e-01,
          1.04439342e-01,  2.55320906e-02],
        [ 1.04434042e-01,  1.27592413e-01,  4.91027800e-01,
          2.92789032e-01,  9.71156486e-02],
        [ 2.92362959e-01, -5.49424069e-02, -2.87294157e+00,
         -2.11766383e+00,  2.06248804e+00],
        ...,
        [-7.14789200e-02, -4.57572424e-01, -2.03539635e+00,
         -1.45633113e+00,  1.72242708e+00],
        [-1.45644090e+00, -1.67170782e+00, -1.18494590e+00,
         -1.75247282e+00, -2.78867331e-01],
        [-1.75244907e+00, -1.63243809e+00, -3.05562639e+00,
         -2.44549575e+00,  8.89383897e-01]]])}, [[[-0.23839226 -0.12778545]
  [-0.04239579  0.28772623]
  [-0.0812345  -0.34474966]
  ...
  [-1.16731962 -0.59068211]
  [-0.75358089 -0.2689752 ]
  [-0.4322958  -0.22303178]]

 [[-0.34415606 -0.33316164]
  [-0.47610161 -0.48484468]
  [-0.45665836 -0.65016373]
  ...
  [-0.06444844 -0.89786835]
  [-0.29803702 -0.12097054]
  [-0.48012871 -0.87396002]]

 [[ 0.00655892  0.03258426]
  [ 0.06411455  0.0149221 ]
  [ 0.07899417  0.22735945]
  ...
  [-0.21753483 -0.16975306]
  [-0.18952032 -0.29790065]
  [-0.15928785 -0.25450541]]

 ...

 [[-0.08570473  0.02252452]
  [-0.07622336 -0.17759435]
  [-0.18753615 -0.19012958]
  ...
  [-0.04131436  0.13770174]
  [ 0.36853536  0.28970518]
  [ 0.20449837  0.11996461]]

 [[ 1.66702598  2.26451661]
  [ 1.63331483  1.85224635]
  [ 1.67582751  1.73397325]
  ...
  [ 0.12765207  0.21489342]
  [ 0.15111005  0.26126207]
  [ 0.09572338  0.18969056]]

 [[-0.00448758 -0.10355732]
  [-0.06466785 -0.09925935]
  [-0.07448451  0.12497921]
  ...
  [ 0.19654556  0.10262872]
  [ 0.05608973  0.22007379]
  [-0.00799837  0.14939052]]], {'structure': (128, 5), 'pattern': (256, 5), 'trigger': (256, 5), 'double': (256, 5)}, 1000) started
